生成启动时间为 2015/5/15 17:49:41。
     1>项目“E:\hlb\ExcelConverter\convertor\tools\xlsx2Lua\xlsx2Lua\xlsx2Lua.vcxproj”在节点 2 上(build 个目标)。
     1>InitializeBuildStatus:
         正在创建“Debug\xlsx2Lua.unsuccessfulbuild”，因为已指定“AlwaysCreate”。
       ClCompile:
         所有输出均为最新。
         D:\Program Files (x86)\Microsoft Visual Studio 10.0\VC\bin\CL.exe /c /ID:\hlb\xlsx2Lua\xlsx2Lua\libxl\include_cpp /ZI /nologo /W3 /WX- /Od /Oy- /D WIN32 /D _DEBUG /D _CONSOLE /D _UNICODE /D UNICODE /Gm /EHsc /RTC1 /MDd /GS /fp:precise /Zc:wchar_t /Zc:forScope /Yu"StdAfx.h" /Fp"Debug\xlsx2Lua.pch" /Fo"Debug\\" /Fd"Debug\vc100.pdb" /Gd /TP /analyze- /errorReport:prompt xlsx2Lua.cpp
         xlsx2Lua.cpp
     1>e:\hlb\excelconverter\convertor\tools\xlsx2lua\xlsx2lua\xlsx2lua.cpp(88): warning C4996: 'fopen': This function or variable may be unsafe. Consider using fopen_s instead. To disable deprecation, use _CRT_SECURE_NO_WARNINGS. See online help for details.
                 d:\program files (x86)\microsoft visual studio 10.0\vc\include\stdio.h(234) : 参见“fopen”的声明
     1>e:\hlb\excelconverter\convertor\tools\xlsx2lua\xlsx2lua\xlsx2lua.cpp(105): warning C4996: 'mbstowcs': This function or variable may be unsafe. Consider using mbstowcs_s instead. To disable deprecation, use _CRT_SECURE_NO_WARNINGS. See online help for details.
                 d:\program files (x86)\microsoft visual studio 10.0\vc\include\stdlib.h(498) : 参见“mbstowcs”的声明
     1>e:\hlb\excelconverter\convertor\tools\xlsx2lua\xlsx2lua\xlsx2lua.cpp(117): warning C4996: 'wcstombs': This function or variable may be unsafe. Consider using wcstombs_s instead. To disable deprecation, use _CRT_SECURE_NO_WARNINGS. See online help for details.
                 d:\program files (x86)\microsoft visual studio 10.0\vc\include\stdlib.h(533) : 参见“wcstombs”的声明
     1>e:\hlb\excelconverter\convertor\tools\xlsx2lua\xlsx2lua\xlsx2lua.cpp(138): warning C4996: 'strcpy': This function or variable may be unsafe. Consider using strcpy_s instead. To disable deprecation, use _CRT_SECURE_NO_WARNINGS. See online help for details.
                 d:\program files (x86)\microsoft visual studio 10.0\vc\include\string.h(105) : 参见“strcpy”的声明
     1>e:\hlb\excelconverter\convertor\tools\xlsx2lua\xlsx2lua\xlsx2lua.cpp(140): warning C4996: 'strtok': This function or variable may be unsafe. Consider using strtok_s instead. To disable deprecation, use _CRT_SECURE_NO_WARNINGS. See online help for details.
                 d:\program files (x86)\microsoft visual studio 10.0\vc\include\string.h(197) : 参见“strtok”的声明
     1>e:\hlb\excelconverter\convertor\tools\xlsx2lua\xlsx2lua\xlsx2lua.cpp(148): warning C4996: 'strtok': This function or variable may be unsafe. Consider using strtok_s instead. To disable deprecation, use _CRT_SECURE_NO_WARNINGS. See online help for details.
                 d:\program files (x86)\microsoft visual studio 10.0\vc\include\string.h(197) : 参见“strtok”的声明
     1>e:\hlb\excelconverter\convertor\tools\xlsx2lua\xlsx2lua\xlsx2lua.cpp(187): warning C4101: “type”: 未引用的局部变量
     1>e:\hlb\excelconverter\convertor\tools\xlsx2lua\xlsx2lua\xlsx2lua.cpp(286): warning C4244: “参数”: 从“double”转换到“int”，可能丢失数据
     1>e:\hlb\excelconverter\convertor\tools\xlsx2lua\xlsx2lua\xlsx2lua.cpp(286): warning C4996: 'itoa': The POSIX name for this item is deprecated. Instead, use the ISO C++ conformant name: _itoa. See online help for details.
                 d:\program files (x86)\microsoft visual studio 10.0\vc\include\stdlib.h(867) : 参见“itoa”的声明
     1>e:\hlb\excelconverter\convertor\tools\xlsx2lua\xlsx2lua\xlsx2lua.cpp(400): warning C4996: 'fopen': This function or variable may be unsafe. Consider using fopen_s instead. To disable deprecation, use _CRT_SECURE_NO_WARNINGS. See online help for details.
                 d:\program files (x86)\microsoft visual studio 10.0\vc\include\stdio.h(234) : 参见“fopen”的声明
     1>e:\hlb\excelconverter\convertor\tools\xlsx2lua\xlsx2lua\xlsx2lua.cpp(406): warning C4996: 'sprintf': This function or variable may be unsafe. Consider using sprintf_s instead. To disable deprecation, use _CRT_SECURE_NO_WARNINGS. See online help for details.
                 d:\program files (x86)\microsoft visual studio 10.0\vc\include\stdio.h(371) : 参见“sprintf”的声明
     1>e:\hlb\excelconverter\convertor\tools\xlsx2lua\xlsx2lua\xlsx2lua.cpp(429): warning C4996: 'sprintf': This function or variable may be unsafe. Consider using sprintf_s instead. To disable deprecation, use _CRT_SECURE_NO_WARNINGS. See online help for details.
                 d:\program files (x86)\microsoft visual studio 10.0\vc\include\stdio.h(371) : 参见“sprintf”的声明
     1>e:\hlb\excelconverter\convertor\tools\xlsx2lua\xlsx2lua\xlsx2lua.cpp(472): warning C4996: 'fopen': This function or variable may be unsafe. Consider using fopen_s instead. To disable deprecation, use _CRT_SECURE_NO_WARNINGS. See online help for details.
                 d:\program files (x86)\microsoft visual studio 10.0\vc\include\stdio.h(234) : 参见“fopen”的声明
     1>e:\hlb\excelconverter\convertor\tools\xlsx2lua\xlsx2lua\xlsx2lua.cpp(499): warning C4244: “参数”: 从“double”转换到“int”，可能丢失数据
     1>e:\hlb\excelconverter\convertor\tools\xlsx2lua\xlsx2lua\xlsx2lua.cpp(499): warning C4996: 'itoa': The POSIX name for this item is deprecated. Instead, use the ISO C++ conformant name: _itoa. See online help for details.
                 d:\program files (x86)\microsoft visual studio 10.0\vc\include\stdlib.h(867) : 参见“itoa”的声明
     1>e:\hlb\excelconverter\convertor\tools\xlsx2lua\xlsx2lua\xlsx2lua.cpp(534): warning C4996: 'fopen': This function or variable may be unsafe. Consider using fopen_s instead. To disable deprecation, use _CRT_SECURE_NO_WARNINGS. See online help for details.
                 d:\program files (x86)\microsoft visual studio 10.0\vc\include\stdio.h(234) : 参见“fopen”的声明
     1>e:\hlb\excelconverter\convertor\tools\xlsx2lua\xlsx2lua\xlsx2lua.cpp(543): warning C4996: 'itoa': The POSIX name for this item is deprecated. Instead, use the ISO C++ conformant name: _itoa. See online help for details.
                 d:\program files (x86)\microsoft visual studio 10.0\vc\include\stdlib.h(867) : 参见“itoa”的声明
     1>e:\hlb\excelconverter\convertor\tools\xlsx2lua\xlsx2lua\xlsx2lua.cpp(1028): warning C4996: 'fopen': This function or variable may be unsafe. Consider using fopen_s instead. To disable deprecation, use _CRT_SECURE_NO_WARNINGS. See online help for details.
                 d:\program files (x86)\microsoft visual studio 10.0\vc\include\stdio.h(234) : 参见“fopen”的声明
     1>e:\hlb\excelconverter\convertor\tools\xlsx2lua\xlsx2lua\xlsx2lua.cpp(526): warning C4715: “createLuaFileForMultiLan”: 不是所有的控件路径都返回值
       Link:
         D:\Program Files (x86)\Microsoft Visual Studio 10.0\VC\bin\link.exe /ERRORREPORT:PROMPT /OUT:"E:\hlb\ExcelConverter\convertor\tools\xlsx2Lua\Debug\xlsx2Lua.exe" /INCREMENTAL /NOLOGO /LIBPATH:D:\hlb\xlsx2Lua\xlsx2Lua\libxl\lib libxl.lib kernel32.lib user32.lib gdi32.lib winspool.lib comdlg32.lib advapi32.lib shell32.lib ole32.lib oleaut32.lib uuid.lib odbc32.lib odbccp32.lib /MANIFEST /ManifestFile:"Debug\xlsx2Lua.exe.intermediate.manifest" /MANIFESTUAC:"level='asInvoker' uiAccess='false'" /DEBUG /PDB:"E:\hlb\ExcelConverter\convertor\tools\xlsx2Lua\Debug\xlsx2Lua.pdb" /SUBSYSTEM:CONSOLE /TLBID:1 /DYNAMICBASE /NXCOMPAT /IMPLIB:"E:\hlb\ExcelConverter\convertor\tools\xlsx2Lua\Debug\xlsx2Lua.lib" /MACHINE:X86 Debug\stdafx.obj
         Debug\xlsx2Lua.obj
         xlsx2Lua.vcxproj -> E:\hlb\ExcelConverter\convertor\tools\xlsx2Lua\Debug\xlsx2Lua.exe
       Manifest:
         C:\Program Files (x86)\Microsoft SDKs\Windows\v7.0A\bin\mt.exe /nologo /verbose /out:"E:\hlb\ExcelConverter\convertor\tools\xlsx2Lua\Debug\xlsx2Lua.exe.manifest" /manifest Debug\xlsx2Lua.exe.intermediate.manifest
       FinalizeBuildStatus:
         正在删除文件“Debug\xlsx2Lua.unsuccessfulbuild”。
         正在对“Debug\xlsx2Lua.lastbuildstate”执行 Touch 任务。
     1>已完成生成项目“E:\hlb\ExcelConverter\convertor\tools\xlsx2Lua\xlsx2Lua\xlsx2Lua.vcxproj”(build 个目标)的操作。

生成成功。

已用时间 00:00:01.87
